[11-02 07:24:45]: [INFO] Created column 'regdate' and set the current timestamp, 1541139885474, to all 0 rows
[11-02 07:24:51]: [INFO] SQLite Setup finished
[11-02 07:24:54]: [INFO] No supported permissions system found! Permissions are disabled!
[11-02 07:24:57]: [WARN] WARNING! The protectInventory feature requires ProtocolLib! Disabling it...
[11-02 07:24:58]: [INFO] Development builds are available on our jenkins, thanks to f14stelt.
[11-02 07:24:58]: [INFO] Do you want a good game server? Look at our sponsor GameHosting.it leader in Italy as Game Server Provider!
[11-02 07:24:58]: [INFO] AuthMe 5.4.0 build n.1877 correctly enabled!
[11-02 07:26:28]: [FINE] HackerGuruBondo registered 25.46.241.218
[11-02 07:26:28]: [FINE] HackerGuruBondo logged in!
[11-02 07:27:49]: [INFO] AuthMe 5.4.0-b1877 disabled!
[11-02 07:28:43]: [INFO] SQLite Setup finished
[11-02 07:28:43]: [INFO] No supported permissions system found! Permissions are disabled!
[11-02 07:28:44]: [INFO] [LICENSE] This product uses data from the GeoLite API created by MaxMind, available at http://www.maxmind.com
[11-02 07:28:44]: [WARN] WARNING! The protectInventory feature requires ProtocolLib! Disabling it...
[11-02 07:28:44]: [INFO] Development builds are available on our jenkins, thanks to f14stelt.
[11-02 07:28:44]: [INFO] Do you want a good game server? Look at our sponsor GameHosting.it leader in Italy as Game Server Provider!
[11-02 07:28:44]: [INFO] AuthMe 5.4.0 build n.1877 correctly enabled!
[11-02 07:28:59]: [FINE] HackerGuruBondo logged in!
[11-02 08:33:51]: [FINE] HackerGuruBondo logged in!
[11-02 09:54:05]: [INFO] AuthMe 5.4.0-b1877 disabled!
[11-02 12:36:44]: [INFO] SQLite Setup finished
[11-02 12:36:47]: [INFO] No supported permissions system found! Permissions are disabled!
[11-02 12:36:49]: [INFO] [LICENSE] This product uses data from the GeoLite API created by MaxMind, available at http://www.maxmind.com
[11-02 12:36:51]: [WARN] Failed to read welcome.txt file: [MalformedInputException]: Input length = 1
[11-02 12:36:51]: java.nio.charset.MalformedInputException: Input length = 1
	at java.nio.charset.CoderResult.throwException(Unknown Source)
	at sun.nio.cs.StreamDecoder.implRead(Unknown Source)
	at sun.nio.cs.StreamDecoder.read(Unknown Source)
	at java.io.InputStreamReader.read(Unknown Source)
	at java.io.BufferedReader.fill(Unknown Source)
	at java.io.BufferedReader.readLine(Unknown Source)
	at java.io.BufferedReader.readLine(Unknown Source)
	at java.nio.file.Files.readAllLines(Unknown Source)
	at fr.xephi.authme.settings.WelcomeMessageConfiguration.readWelcomeFile(WelcomeMessageConfiguration.java:117)
	at fr.xephi.authme.settings.WelcomeMessageConfiguration.reload(WelcomeMessageConfiguration.java:78)
	at sun.reflect.NativeMethodAccessorImpl.invoke0(Native Method)
	at sun.reflect.NativeMethodAccessorImpl.invoke(Unknown Source)
	at sun.reflect.DelegatingMethodAccessorImpl.invoke(Unknown Source)
	at java.lang.reflect.Method.invoke(Unknown Source)
	at fr.xephi.authme.libs.jalu.injector.utils.ReflectionUtils.invokeMethod(ReflectionUtils.java:73)
	at fr.xephi.authme.libs.jalu.injector.handlers.postconstruct.PostConstructMethodInvoker.process(PostConstructMethodInvoker.java:25)
	at fr.xephi.authme.libs.jalu.injector.InjectorImpl.runPostConstructHandlers(InjectorImpl.java:255)
	at fr.xephi.authme.libs.jalu.injector.InjectorImpl.instantiate(InjectorImpl.java:182)
	at fr.xephi.authme.libs.jalu.injector.InjectorImpl.get(InjectorImpl.java:155)
	at fr.xephi.authme.libs.jalu.injector.InjectorImpl.resolveDependencies(InjectorImpl.java:208)
	at fr.xephi.authme.libs.jalu.injector.InjectorImpl.instantiate(InjectorImpl.java:177)
	at fr.xephi.authme.libs.jalu.injector.InjectorImpl.get(InjectorImpl.java:155)
	at fr.xephi.authme.libs.jalu.injector.InjectorImpl.resolveDependencies(InjectorImpl.java:208)
	at fr.xephi.authme.libs.jalu.injector.InjectorImpl.instantiate(InjectorImpl.java:177)
	at fr.xephi.authme.libs.jalu.injector.InjectorImpl.get(InjectorImpl.java:155)
	at fr.xephi.authme.libs.jalu.injector.InjectorImpl.resolveDependencies(InjectorImpl.java:208)
	at fr.xephi.authme.libs.jalu.injector.InjectorImpl.instantiate(InjectorImpl.java:177)
	at fr.xephi.authme.libs.jalu.injector.InjectorImpl.get(InjectorImpl.java:155)
	at fr.xephi.authme.libs.jalu.injector.InjectorImpl.resolveDependencies(InjectorImpl.java:208)
	at fr.xephi.authme.libs.jalu.injector.InjectorImpl.instantiate(InjectorImpl.java:177)
	at fr.xephi.authme.libs.jalu.injector.InjectorImpl.get(InjectorImpl.java:155)
	at fr.xephi.authme.libs.jalu.injector.InjectorImpl.resolveDependencies(InjectorImpl.java:208)
	at fr.xephi.authme.libs.jalu.injector.InjectorImpl.instantiate(InjectorImpl.java:177)
	at fr.xephi.authme.libs.jalu.injector.InjectorImpl.newInstance(InjectorImpl.java:82)
	at fr.xephi.authme.initialization.factory.FactoryDependencyHandler$FactoryImpl.newInstance(FactoryDependencyHandler.java:41)
	at fr.xephi.authme.command.CommandHandler.initializeCommands(CommandHandler.java:109)
	at fr.xephi.authme.command.CommandHandler.<init>(CommandHandler.java:49)
	at sun.reflect.NativeConstructorAccessorImpl.newInstance0(Native Method)
	at sun.reflect.NativeConstructorAccessorImpl.newInstance(Unknown Source)
	at sun.reflect.DelegatingConstructorAccessorImpl.newInstance(Unknown Source)
	at java.lang.reflect.Constructor.newInstance(Unknown Source)
	at fr.xephi.authme.libs.jalu.injector.utils.ReflectionUtils.newInstance(ReflectionUtils.java:91)
	at fr.xephi.authme.libs.jalu.injector.handlers.instantiation.StandardInjection.instantiateWith(StandardInjection.java:62)
	at fr.xephi.authme.libs.jalu.injector.InjectorImpl.instantiate(InjectorImpl.java:181)
	at fr.xephi.authme.libs.jalu.injector.InjectorImpl.get(InjectorImpl.java:155)
	at fr.xephi.authme.libs.jalu.injector.InjectorImpl.getSingleton(InjectorImpl.java:56)
	at fr.xephi.authme.AuthMe.instantiateServices(AuthMe.java:248)
	at fr.xephi.authme.AuthMe.initialize(AuthMe.java:221)
	at fr.xephi.authme.AuthMe.onEnable(AuthMe.java:136)
	at org.bukkit.plugin.java.JavaPlugin.setEnabled(JavaPlugin.java:264)
	at org.bukkit.plugin.java.JavaPluginLoader.enablePlugin(JavaPluginLoader.java:329)
	at org.bukkit.plugin.SimplePluginManager.enablePlugin(SimplePluginManager.java:402)
	at org.bukkit.craftbukkit.v1_12_R1.CraftServer.enablePlugin(CraftServer.java:367)
	at org.bukkit.craftbukkit.v1_12_R1.CraftServer.enablePlugins(CraftServer.java:328)
	at net.minecraft.server.v1_12_R1.MinecraftServer.t(MinecraftServer.java:412)
	at net.minecraft.server.v1_12_R1.MinecraftServer.l(MinecraftServer.java:373)
	at net.minecraft.server.v1_12_R1.MinecraftServer.a(MinecraftServer.java:328)
	at net.minecraft.server.v1_12_R1.DedicatedServer.init(DedicatedServer.java:248)
	at net.minecraft.server.v1_12_R1.MinecraftServer.run(MinecraftServer.java:522)
	at java.lang.Thread.run(Unknown Source)

[11-02 12:36:51]: [WARN] WARNING! The protectInventory feature requires ProtocolLib! Disabling it...
[11-02 12:36:52]: [INFO] Development builds are available on our jenkins, thanks to f14stelt.
[11-02 12:36:52]: [INFO] Do you want a good game server? Look at our sponsor GameHosting.it leader in Italy as Game Server Provider!
[11-02 12:36:52]: [INFO] AuthMe 5.4.0 build n.1877 correctly enabled!
[11-02 12:36:53]: [INFO] AuthMe 5.4.0-b1877 disabled!
[11-02 12:37:58]: [INFO] SQLite Setup finished
[11-02 12:37:58]: [INFO] No supported permissions system found! Permissions are disabled!
[11-02 12:37:59]: [INFO] [LICENSE] This product uses data from the GeoLite API created by MaxMind, available at http://www.maxmind.com
[11-02 12:37:59]: [WARN] Failed to read welcome.txt file: [MalformedInputException]: Input length = 1
[11-02 12:37:59]: java.nio.charset.MalformedInputException: Input length = 1
	at java.nio.charset.CoderResult.throwException(Unknown Source)
	at sun.nio.cs.StreamDecoder.implRead(Unknown Source)
	at sun.nio.cs.StreamDecoder.read(Unknown Source)
	at java.io.InputStreamReader.read(Unknown Source)
	at java.io.BufferedReader.fill(Unknown Source)
	at java.io.BufferedReader.readLine(Unknown Source)
	at java.io.BufferedReader.readLine(Unknown Source)
	at java.nio.file.Files.readAllLines(Unknown Source)
	at fr.xephi.authme.settings.WelcomeMessageConfiguration.readWelcomeFile(WelcomeMessageConfiguration.java:117)
	at fr.xephi.authme.settings.WelcomeMessageConfiguration.reload(WelcomeMessageConfiguration.java:78)
	at sun.reflect.NativeMethodAccessorImpl.invoke0(Native Method)
	at sun.reflect.NativeMethodAccessorImpl.invoke(Unknown Source)
	at sun.reflect.DelegatingMethodAccessorImpl.invoke(Unknown Source)
	at java.lang.reflect.Method.invoke(Unknown Source)
	at fr.xephi.authme.libs.jalu.injector.utils.ReflectionUtils.invokeMethod(ReflectionUtils.java:73)
	at fr.xephi.authme.libs.jalu.injector.handlers.postconstruct.PostConstructMethodInvoker.process(PostConstructMethodInvoker.java:25)
	at fr.xephi.authme.libs.jalu.injector.InjectorImpl.runPostConstructHandlers(InjectorImpl.java:255)
	at fr.xephi.authme.libs.jalu.injector.InjectorImpl.instantiate(InjectorImpl.java:182)
	at fr.xephi.authme.libs.jalu.injector.InjectorImpl.get(InjectorImpl.java:155)
	at fr.xephi.authme.libs.jalu.injector.InjectorImpl.resolveDependencies(InjectorImpl.java:208)
	at fr.xephi.authme.libs.jalu.injector.InjectorImpl.instantiate(InjectorImpl.java:177)
	at fr.xephi.authme.libs.jalu.injector.InjectorImpl.get(InjectorImpl.java:155)
	at fr.xephi.authme.libs.jalu.injector.InjectorImpl.resolveDependencies(InjectorImpl.java:208)
	at fr.xephi.authme.libs.jalu.injector.InjectorImpl.instantiate(InjectorImpl.java:177)
	at fr.xephi.authme.libs.jalu.injector.InjectorImpl.get(InjectorImpl.java:155)
	at fr.xephi.authme.libs.jalu.injector.InjectorImpl.resolveDependencies(InjectorImpl.java:208)
	at fr.xephi.authme.libs.jalu.injector.InjectorImpl.instantiate(InjectorImpl.java:177)
	at fr.xephi.authme.libs.jalu.injector.InjectorImpl.get(InjectorImpl.java:155)
	at fr.xephi.authme.libs.jalu.injector.InjectorImpl.resolveDependencies(InjectorImpl.java:208)
	at fr.xephi.authme.libs.jalu.injector.InjectorImpl.instantiate(InjectorImpl.java:177)
	at fr.xephi.authme.libs.jalu.injector.InjectorImpl.get(InjectorImpl.java:155)
	at fr.xephi.authme.libs.jalu.injector.InjectorImpl.resolveDependencies(InjectorImpl.java:208)
	at fr.xephi.authme.libs.jalu.injector.InjectorImpl.instantiate(InjectorImpl.java:177)
	at fr.xephi.authme.libs.jalu.injector.InjectorImpl.newInstance(InjectorImpl.java:82)
	at fr.xephi.authme.initialization.factory.FactoryDependencyHandler$FactoryImpl.newInstance(FactoryDependencyHandler.java:41)
	at fr.xephi.authme.command.CommandHandler.initializeCommands(CommandHandler.java:109)
	at fr.xephi.authme.command.CommandHandler.<init>(CommandHandler.java:49)
	at sun.reflect.NativeConstructorAccessorImpl.newInstance0(Native Method)
	at sun.reflect.NativeConstructorAccessorImpl.newInstance(Unknown Source)
	at sun.reflect.DelegatingConstructorAccessorImpl.newInstance(Unknown Source)
	at java.lang.reflect.Constructor.newInstance(Unknown Source)
	at fr.xephi.authme.libs.jalu.injector.utils.ReflectionUtils.newInstance(ReflectionUtils.java:91)
	at fr.xephi.authme.libs.jalu.injector.handlers.instantiation.StandardInjection.instantiateWith(StandardInjection.java:62)
	at fr.xephi.authme.libs.jalu.injector.InjectorImpl.instantiate(InjectorImpl.java:181)
	at fr.xephi.authme.libs.jalu.injector.InjectorImpl.get(InjectorImpl.java:155)
	at fr.xephi.authme.libs.jalu.injector.InjectorImpl.getSingleton(InjectorImpl.java:56)
	at fr.xephi.authme.AuthMe.instantiateServices(AuthMe.java:248)
	at fr.xephi.authme.AuthMe.initialize(AuthMe.java:221)
	at fr.xephi.authme.AuthMe.onEnable(AuthMe.java:136)
	at org.bukkit.plugin.java.JavaPlugin.setEnabled(JavaPlugin.java:264)
	at org.bukkit.plugin.java.JavaPluginLoader.enablePlugin(JavaPluginLoader.java:329)
	at org.bukkit.plugin.SimplePluginManager.enablePlugin(SimplePluginManager.java:402)
	at org.bukkit.craftbukkit.v1_12_R1.CraftServer.enablePlugin(CraftServer.java:367)
	at org.bukkit.craftbukkit.v1_12_R1.CraftServer.enablePlugins(CraftServer.java:328)
	at net.minecraft.server.v1_12_R1.MinecraftServer.t(MinecraftServer.java:412)
	at net.minecraft.server.v1_12_R1.MinecraftServer.l(MinecraftServer.java:373)
	at net.minecraft.server.v1_12_R1.MinecraftServer.a(MinecraftServer.java:328)
	at net.minecraft.server.v1_12_R1.DedicatedServer.init(DedicatedServer.java:248)
	at net.minecraft.server.v1_12_R1.MinecraftServer.run(MinecraftServer.java:522)
	at java.lang.Thread.run(Unknown Source)

[11-02 12:37:59]: [WARN] WARNING! The protectInventory feature requires ProtocolLib! Disabling it...
[11-02 12:37:59]: [INFO] Development builds are available on our jenkins, thanks to f14stelt.
[11-02 12:37:59]: [INFO] Do you want a good game server? Look at our sponsor GameHosting.it leader in Italy as Game Server Provider!
[11-02 12:37:59]: [INFO] AuthMe 5.4.0 build n.1877 correctly enabled!
[11-02 12:42:02]: [FINE] HackerGuruBondo logged in!
[11-02 12:55:44]: [FINE] HackerGuruBondo logged in!
[11-02 12:59:18]: [INFO] AuthMe 5.4.0-b1877 disabled!
[11-02 14:56:00]: [INFO] SQLite Setup finished
[11-02 14:56:03]: [INFO] No supported permissions system found! Permissions are disabled!
[11-02 14:56:06]: [INFO] [LICENSE] This product uses data from the GeoLite API created by MaxMind, available at http://www.maxmind.com
[11-02 14:56:09]: [WARN] Failed to read welcome.txt file: [MalformedInputException]: Input length = 1
[11-02 14:56:09]: java.nio.charset.MalformedInputException: Input length = 1
	at java.nio.charset.CoderResult.throwException(Unknown Source)
	at sun.nio.cs.StreamDecoder.implRead(Unknown Source)
	at sun.nio.cs.StreamDecoder.read(Unknown Source)
	at java.io.InputStreamReader.read(Unknown Source)
	at java.io.BufferedReader.fill(Unknown Source)
	at java.io.BufferedReader.readLine(Unknown Source)
	at java.io.BufferedReader.readLine(Unknown Source)
	at java.nio.file.Files.readAllLines(Unknown Source)
	at fr.xephi.authme.settings.WelcomeMessageConfiguration.readWelcomeFile(WelcomeMessageConfiguration.java:117)
	at fr.xephi.authme.settings.WelcomeMessageConfiguration.reload(WelcomeMessageConfiguration.java:78)
	at sun.reflect.NativeMethodAccessorImpl.invoke0(Native Method)
	at sun.reflect.NativeMethodAccessorImpl.invoke(Unknown Source)
	at sun.reflect.DelegatingMethodAccessorImpl.invoke(Unknown Source)
	at java.lang.reflect.Method.invoke(Unknown Source)
	at fr.xephi.authme.libs.jalu.injector.utils.ReflectionUtils.invokeMethod(ReflectionUtils.java:73)
	at fr.xephi.authme.libs.jalu.injector.handlers.postconstruct.PostConstructMethodInvoker.process(PostConstructMethodInvoker.java:25)
	at fr.xephi.authme.libs.jalu.injector.InjectorImpl.runPostConstructHandlers(InjectorImpl.java:255)
	at fr.xephi.authme.libs.jalu.injector.InjectorImpl.instantiate(InjectorImpl.java:182)
	at fr.xephi.authme.libs.jalu.injector.InjectorImpl.get(InjectorImpl.java:155)
	at fr.xephi.authme.libs.jalu.injector.InjectorImpl.resolveDependencies(InjectorImpl.java:208)
	at fr.xephi.authme.libs.jalu.injector.InjectorImpl.instantiate(InjectorImpl.java:177)
	at fr.xephi.authme.libs.jalu.injector.InjectorImpl.get(InjectorImpl.java:155)
	at fr.xephi.authme.libs.jalu.injector.InjectorImpl.resolveDependencies(InjectorImpl.java:208)
	at fr.xephi.authme.libs.jalu.injector.InjectorImpl.instantiate(InjectorImpl.java:177)
	at fr.xephi.authme.libs.jalu.injector.InjectorImpl.get(InjectorImpl.java:155)
	at fr.xephi.authme.libs.jalu.injector.InjectorImpl.resolveDependencies(InjectorImpl.java:208)
	at fr.xephi.authme.libs.jalu.injector.InjectorImpl.instantiate(InjectorImpl.java:177)
	at fr.xephi.authme.libs.jalu.injector.InjectorImpl.get(InjectorImpl.java:155)
	at fr.xephi.authme.libs.jalu.injector.InjectorImpl.resolveDependencies(InjectorImpl.java:208)
	at fr.xephi.authme.libs.jalu.injector.InjectorImpl.instantiate(InjectorImpl.java:177)
	at fr.xephi.authme.libs.jalu.injector.InjectorImpl.get(InjectorImpl.java:155)
	at fr.xephi.authme.libs.jalu.injector.InjectorImpl.resolveDependencies(InjectorImpl.java:208)
	at fr.xephi.authme.libs.jalu.injector.InjectorImpl.instantiate(InjectorImpl.java:177)
	at fr.xephi.authme.libs.jalu.injector.InjectorImpl.newInstance(InjectorImpl.java:82)
	at fr.xephi.authme.initialization.factory.FactoryDependencyHandler$FactoryImpl.newInstance(FactoryDependencyHandler.java:41)
	at fr.xephi.authme.command.CommandHandler.initializeCommands(CommandHandler.java:109)
	at fr.xephi.authme.command.CommandHandler.<init>(CommandHandler.java:49)
	at sun.reflect.NativeConstructorAccessorImpl.newInstance0(Native Method)
	at sun.reflect.NativeConstructorAccessorImpl.newInstance(Unknown Source)
	at sun.reflect.DelegatingConstructorAccessorImpl.newInstance(Unknown Source)
	at java.lang.reflect.Constructor.newInstance(Unknown Source)
	at fr.xephi.authme.libs.jalu.injector.utils.ReflectionUtils.newInstance(ReflectionUtils.java:91)
	at fr.xephi.authme.libs.jalu.injector.handlers.instantiation.StandardInjection.instantiateWith(StandardInjection.java:62)
	at fr.xephi.authme.libs.jalu.injector.InjectorImpl.instantiate(InjectorImpl.java:181)
	at fr.xephi.authme.libs.jalu.injector.InjectorImpl.get(InjectorImpl.java:155)
	at fr.xephi.authme.libs.jalu.injector.InjectorImpl.getSingleton(InjectorImpl.java:56)
	at fr.xephi.authme.AuthMe.instantiateServices(AuthMe.java:248)
	at fr.xephi.authme.AuthMe.initialize(AuthMe.java:221)
	at fr.xephi.authme.AuthMe.onEnable(AuthMe.java:136)
	at org.bukkit.plugin.java.JavaPlugin.setEnabled(JavaPlugin.java:264)
	at org.bukkit.plugin.java.JavaPluginLoader.enablePlugin(JavaPluginLoader.java:329)
	at org.bukkit.plugin.SimplePluginManager.enablePlugin(SimplePluginManager.java:402)
	at org.bukkit.craftbukkit.v1_12_R1.CraftServer.enablePlugin(CraftServer.java:367)
	at org.bukkit.craftbukkit.v1_12_R1.CraftServer.enablePlugins(CraftServer.java:328)
	at net.minecraft.server.v1_12_R1.MinecraftServer.t(MinecraftServer.java:412)
	at net.minecraft.server.v1_12_R1.MinecraftServer.l(MinecraftServer.java:373)
	at net.minecraft.server.v1_12_R1.MinecraftServer.a(MinecraftServer.java:328)
	at net.minecraft.server.v1_12_R1.DedicatedServer.init(DedicatedServer.java:248)
	at net.minecraft.server.v1_12_R1.MinecraftServer.run(MinecraftServer.java:522)
	at java.lang.Thread.run(Unknown Source)

[11-02 14:56:10]: [WARN] WARNING! The protectInventory feature requires ProtocolLib! Disabling it...
[11-02 14:56:13]: [INFO] Development builds are available on our jenkins, thanks to f14stelt.
[11-02 14:56:13]: [INFO] Do you want a good game server? Look at our sponsor GameHosting.it leader in Italy as Game Server Provider!
[11-02 14:56:13]: [INFO] AuthMe 5.4.0 build n.1877 correctly enabled!
[11-02 14:59:39]: [FINE] HackerGuruBondo logged in!
[11-02 15:02:38]: [INFO] AuthMe 5.4.0-b1877 disabled!
[11-02 16:35:40]: [INFO] SQLite Setup finished
[11-02 16:35:43]: [INFO] No supported permissions system found! Permissions are disabled!
[11-02 16:35:45]: [INFO] [LICENSE] This product uses data from the GeoLite API created by MaxMind, available at http://www.maxmind.com
[11-02 16:35:52]: [WARN] Failed to read welcome.txt file: [MalformedInputException]: Input length = 1
[11-02 16:35:52]: java.nio.charset.MalformedInputException: Input length = 1
	at java.nio.charset.CoderResult.throwException(Unknown Source)
	at sun.nio.cs.StreamDecoder.implRead(Unknown Source)
	at sun.nio.cs.StreamDecoder.read(Unknown Source)
	at java.io.InputStreamReader.read(Unknown Source)
	at java.io.BufferedReader.fill(Unknown Source)
	at java.io.BufferedReader.readLine(Unknown Source)
	at java.io.BufferedReader.readLine(Unknown Source)
	at java.nio.file.Files.readAllLines(Unknown Source)
	at fr.xephi.authme.settings.WelcomeMessageConfiguration.readWelcomeFile(WelcomeMessageConfiguration.java:117)
	at fr.xephi.authme.settings.WelcomeMessageConfiguration.reload(WelcomeMessageConfiguration.java:78)
	at sun.reflect.NativeMethodAccessorImpl.invoke0(Native Method)
	at sun.reflect.NativeMethodAccessorImpl.invoke(Unknown Source)
	at sun.reflect.DelegatingMethodAccessorImpl.invoke(Unknown Source)
	at java.lang.reflect.Method.invoke(Unknown Source)
	at fr.xephi.authme.libs.jalu.injector.utils.ReflectionUtils.invokeMethod(ReflectionUtils.java:73)
	at fr.xephi.authme.libs.jalu.injector.handlers.postconstruct.PostConstructMethodInvoker.process(PostConstructMethodInvoker.java:25)
	at fr.xephi.authme.libs.jalu.injector.InjectorImpl.runPostConstructHandlers(InjectorImpl.java:255)
	at fr.xephi.authme.libs.jalu.injector.InjectorImpl.instantiate(InjectorImpl.java:182)
	at fr.xephi.authme.libs.jalu.injector.InjectorImpl.get(InjectorImpl.java:155)
	at fr.xephi.authme.libs.jalu.injector.InjectorImpl.resolveDependencies(InjectorImpl.java:208)
	at fr.xephi.authme.libs.jalu.injector.InjectorImpl.instantiate(InjectorImpl.java:177)
	at fr.xephi.authme.libs.jalu.injector.InjectorImpl.get(InjectorImpl.java:155)
	at fr.xephi.authme.libs.jalu.injector.InjectorImpl.resolveDependencies(InjectorImpl.java:208)
	at fr.xephi.authme.libs.jalu.injector.InjectorImpl.instantiate(InjectorImpl.java:177)
	at fr.xephi.authme.libs.jalu.injector.InjectorImpl.get(InjectorImpl.java:155)
	at fr.xephi.authme.libs.jalu.injector.InjectorImpl.resolveDependencies(InjectorImpl.java:208)
	at fr.xephi.authme.libs.jalu.injector.InjectorImpl.instantiate(InjectorImpl.java:177)
	at fr.xephi.authme.libs.jalu.injector.InjectorImpl.get(InjectorImpl.java:155)
	at fr.xephi.authme.libs.jalu.injector.InjectorImpl.resolveDependencies(InjectorImpl.java:208)
	at fr.xephi.authme.libs.jalu.injector.InjectorImpl.instantiate(InjectorImpl.java:177)
	at fr.xephi.authme.libs.jalu.injector.InjectorImpl.get(InjectorImpl.java:155)
	at fr.xephi.authme.libs.jalu.injector.InjectorImpl.resolveDependencies(InjectorImpl.java:208)
	at fr.xephi.authme.libs.jalu.injector.InjectorImpl.instantiate(InjectorImpl.java:177)
	at fr.xephi.authme.libs.jalu.injector.InjectorImpl.newInstance(InjectorImpl.java:82)
	at fr.xephi.authme.initialization.factory.FactoryDependencyHandler$FactoryImpl.newInstance(FactoryDependencyHandler.java:41)
	at fr.xephi.authme.command.CommandHandler.initializeCommands(CommandHandler.java:109)
	at fr.xephi.authme.command.CommandHandler.<init>(CommandHandler.java:49)
	at sun.reflect.NativeConstructorAccessorImpl.newInstance0(Native Method)
	at sun.reflect.NativeConstructorAccessorImpl.newInstance(Unknown Source)
	at sun.reflect.DelegatingConstructorAccessorImpl.newInstance(Unknown Source)
	at java.lang.reflect.Constructor.newInstance(Unknown Source)
	at fr.xephi.authme.libs.jalu.injector.utils.ReflectionUtils.newInstance(ReflectionUtils.java:91)
	at fr.xephi.authme.libs.jalu.injector.handlers.instantiation.StandardInjection.instantiateWith(StandardInjection.java:62)
	at fr.xephi.authme.libs.jalu.injector.InjectorImpl.instantiate(InjectorImpl.java:181)
	at fr.xephi.authme.libs.jalu.injector.InjectorImpl.get(InjectorImpl.java:155)
	at fr.xephi.authme.libs.jalu.injector.InjectorImpl.getSingleton(InjectorImpl.java:56)
	at fr.xephi.authme.AuthMe.instantiateServices(AuthMe.java:248)
	at fr.xephi.authme.AuthMe.initialize(AuthMe.java:221)
	at fr.xephi.authme.AuthMe.onEnable(AuthMe.java:136)
	at org.bukkit.plugin.java.JavaPlugin.setEnabled(JavaPlugin.java:264)
	at org.bukkit.plugin.java.JavaPluginLoader.enablePlugin(JavaPluginLoader.java:329)
	at org.bukkit.plugin.SimplePluginManager.enablePlugin(SimplePluginManager.java:402)
	at org.bukkit.craftbukkit.v1_12_R1.CraftServer.enablePlugin(CraftServer.java:367)
	at org.bukkit.craftbukkit.v1_12_R1.CraftServer.enablePlugins(CraftServer.java:328)
	at net.minecraft.server.v1_12_R1.MinecraftServer.t(MinecraftServer.java:412)
	at net.minecraft.server.v1_12_R1.MinecraftServer.l(MinecraftServer.java:373)
	at net.minecraft.server.v1_12_R1.MinecraftServer.a(MinecraftServer.java:328)
	at net.minecraft.server.v1_12_R1.DedicatedServer.init(DedicatedServer.java:248)
	at net.minecraft.server.v1_12_R1.MinecraftServer.run(MinecraftServer.java:522)
	at java.lang.Thread.run(Unknown Source)

[11-02 16:35:52]: [WARN] WARNING! The protectInventory feature requires ProtocolLib! Disabling it...
[11-02 16:35:54]: [INFO] Development builds are available on our jenkins, thanks to f14stelt.
[11-02 16:35:54]: [INFO] Do you want a good game server? Look at our sponsor GameHosting.it leader in Italy as Game Server Provider!
[11-02 16:35:54]: [INFO] AuthMe 5.4.0 build n.1877 correctly enabled!
[11-02 16:38:23]: [FINE] HackerGuruBondo logged in!
[11-02 18:06:10]: [INFO] AuthMe 5.4.0-b1877 disabled!
[11-03 08:15:40]: [INFO] SQLite Setup finished
[11-03 08:15:40]: [INFO] No supported permissions system found! Permissions are disabled!
[11-03 08:15:40]: [INFO] [LICENSE] This product uses data from the GeoLite API created by MaxMind, available at http://www.maxmind.com
[11-03 08:15:41]: [WARN] Failed to read welcome.txt file: [MalformedInputException]: Input length = 1
[11-03 08:15:41]: java.nio.charset.MalformedInputException: Input length = 1
	at java.nio.charset.CoderResult.throwException(Unknown Source)
	at sun.nio.cs.StreamDecoder.implRead(Unknown Source)
	at sun.nio.cs.StreamDecoder.read(Unknown Source)
	at java.io.InputStreamReader.read(Unknown Source)
	at java.io.BufferedReader.fill(Unknown Source)
	at java.io.BufferedReader.readLine(Unknown Source)
	at java.io.BufferedReader.readLine(Unknown Source)
	at java.nio.file.Files.readAllLines(Unknown Source)
	at fr.xephi.authme.settings.WelcomeMessageConfiguration.readWelcomeFile(WelcomeMessageConfiguration.java:117)
	at fr.xephi.authme.settings.WelcomeMessageConfiguration.reload(WelcomeMessageConfiguration.java:78)
	at sun.reflect.NativeMethodAccessorImpl.invoke0(Native Method)
	at sun.reflect.NativeMethodAccessorImpl.invoke(Unknown Source)
	at sun.reflect.DelegatingMethodAccessorImpl.invoke(Unknown Source)
	at java.lang.reflect.Method.invoke(Unknown Source)
	at fr.xephi.authme.libs.jalu.injector.utils.ReflectionUtils.invokeMethod(ReflectionUtils.java:73)
	at fr.xephi.authme.libs.jalu.injector.handlers.postconstruct.PostConstructMethodInvoker.process(PostConstructMethodInvoker.java:25)
	at fr.xephi.authme.libs.jalu.injector.InjectorImpl.runPostConstructHandlers(InjectorImpl.java:255)
	at fr.xephi.authme.libs.jalu.injector.InjectorImpl.instantiate(InjectorImpl.java:182)
	at fr.xephi.authme.libs.jalu.injector.InjectorImpl.get(InjectorImpl.java:155)
	at fr.xephi.authme.libs.jalu.injector.InjectorImpl.resolveDependencies(InjectorImpl.java:208)
	at fr.xephi.authme.libs.jalu.injector.InjectorImpl.instantiate(InjectorImpl.java:177)
	at fr.xephi.authme.libs.jalu.injector.InjectorImpl.get(InjectorImpl.java:155)
	at fr.xephi.authme.libs.jalu.injector.InjectorImpl.resolveDependencies(InjectorImpl.java:208)
	at fr.xephi.authme.libs.jalu.injector.InjectorImpl.instantiate(InjectorImpl.java:177)
	at fr.xephi.authme.libs.jalu.injector.InjectorImpl.get(InjectorImpl.java:155)
	at fr.xephi.authme.libs.jalu.injector.InjectorImpl.resolveDependencies(InjectorImpl.java:208)
	at fr.xephi.authme.libs.jalu.injector.InjectorImpl.instantiate(InjectorImpl.java:177)
	at fr.xephi.authme.libs.jalu.injector.InjectorImpl.get(InjectorImpl.java:155)
	at fr.xephi.authme.libs.jalu.injector.InjectorImpl.resolveDependencies(InjectorImpl.java:208)
	at fr.xephi.authme.libs.jalu.injector.InjectorImpl.instantiate(InjectorImpl.java:177)
	at fr.xephi.authme.libs.jalu.injector.InjectorImpl.get(InjectorImpl.java:155)
	at fr.xephi.authme.libs.jalu.injector.InjectorImpl.resolveDependencies(InjectorImpl.java:208)
	at fr.xephi.authme.libs.jalu.injector.InjectorImpl.instantiate(InjectorImpl.java:177)
	at fr.xephi.authme.libs.jalu.injector.InjectorImpl.newInstance(InjectorImpl.java:82)
	at fr.xephi.authme.initialization.factory.FactoryDependencyHandler$FactoryImpl.newInstance(FactoryDependencyHandler.java:41)
	at fr.xephi.authme.command.CommandHandler.initializeCommands(CommandHandler.java:109)
	at fr.xephi.authme.command.CommandHandler.<init>(CommandHandler.java:49)
	at sun.reflect.NativeConstructorAccessorImpl.newInstance0(Native Method)
	at sun.reflect.NativeConstructorAccessorImpl.newInstance(Unknown Source)
	at sun.reflect.DelegatingConstructorAccessorImpl.newInstance(Unknown Source)
	at java.lang.reflect.Constructor.newInstance(Unknown Source)
	at fr.xephi.authme.libs.jalu.injector.utils.ReflectionUtils.newInstance(ReflectionUtils.java:91)
	at fr.xephi.authme.libs.jalu.injector.handlers.instantiation.StandardInjection.instantiateWith(StandardInjection.java:62)
	at fr.xephi.authme.libs.jalu.injector.InjectorImpl.instantiate(InjectorImpl.java:181)
	at fr.xephi.authme.libs.jalu.injector.InjectorImpl.get(InjectorImpl.java:155)
	at fr.xephi.authme.libs.jalu.injector.InjectorImpl.getSingleton(InjectorImpl.java:56)
	at fr.xephi.authme.AuthMe.instantiateServices(AuthMe.java:248)
	at fr.xephi.authme.AuthMe.initialize(AuthMe.java:221)
	at fr.xephi.authme.AuthMe.onEnable(AuthMe.java:136)
	at org.bukkit.plugin.java.JavaPlugin.setEnabled(JavaPlugin.java:264)
	at org.bukkit.plugin.java.JavaPluginLoader.enablePlugin(JavaPluginLoader.java:329)
	at org.bukkit.plugin.SimplePluginManager.enablePlugin(SimplePluginManager.java:402)
	at org.bukkit.craftbukkit.v1_12_R1.CraftServer.enablePlugin(CraftServer.java:367)
	at org.bukkit.craftbukkit.v1_12_R1.CraftServer.enablePlugins(CraftServer.java:328)
	at net.minecraft.server.v1_12_R1.MinecraftServer.t(MinecraftServer.java:412)
	at net.minecraft.server.v1_12_R1.MinecraftServer.l(MinecraftServer.java:373)
	at net.minecraft.server.v1_12_R1.MinecraftServer.a(MinecraftServer.java:328)
	at net.minecraft.server.v1_12_R1.DedicatedServer.init(DedicatedServer.java:248)
	at net.minecraft.server.v1_12_R1.MinecraftServer.run(MinecraftServer.java:522)
	at java.lang.Thread.run(Unknown Source)

[11-03 08:15:41]: [WARN] WARNING! The protectInventory feature requires ProtocolLib! Disabling it...
[11-03 08:15:42]: [INFO] Development builds are available on our jenkins, thanks to f14stelt.
[11-03 08:15:42]: [INFO] Do you want a good game server? Look at our sponsor GameHosting.it leader in Italy as Game Server Provider!
[11-03 08:15:42]: [INFO] AuthMe 5.4.0 build n.1877 correctly enabled!
[11-03 08:16:02]: [FINE] HackerGuruBondo logged in!
[11-03 08:16:09]: [INFO] AuthMe 5.4.0-b1877 disabled!
[11-03 08:19:43]: [INFO] SQLite Setup finished
[11-03 08:19:43]: [INFO] No supported permissions system found! Permissions are disabled!
[11-03 08:19:43]: [INFO] [LICENSE] This product uses data from the GeoLite API created by MaxMind, available at http://www.maxmind.com
[11-03 08:19:44]: [WARN] Failed to read welcome.txt file: [MalformedInputException]: Input length = 1
[11-03 08:19:44]: java.nio.charset.MalformedInputException: Input length = 1
	at java.nio.charset.CoderResult.throwException(Unknown Source)
	at sun.nio.cs.StreamDecoder.implRead(Unknown Source)
	at sun.nio.cs.StreamDecoder.read(Unknown Source)
	at java.io.InputStreamReader.read(Unknown Source)
	at java.io.BufferedReader.fill(Unknown Source)
	at java.io.BufferedReader.readLine(Unknown Source)
	at java.io.BufferedReader.readLine(Unknown Source)
	at java.nio.file.Files.readAllLines(Unknown Source)
	at fr.xephi.authme.settings.WelcomeMessageConfiguration.readWelcomeFile(WelcomeMessageConfiguration.java:117)
	at fr.xephi.authme.settings.WelcomeMessageConfiguration.reload(WelcomeMessageConfiguration.java:78)
	at sun.reflect.NativeMethodAccessorImpl.invoke0(Native Method)
	at sun.reflect.NativeMethodAccessorImpl.invoke(Unknown Source)
	at sun.reflect.DelegatingMethodAccessorImpl.invoke(Unknown Source)
	at java.lang.reflect.Method.invoke(Unknown Source)
	at fr.xephi.authme.libs.jalu.injector.utils.ReflectionUtils.invokeMethod(ReflectionUtils.java:73)
	at fr.xephi.authme.libs.jalu.injector.handlers.postconstruct.PostConstructMethodInvoker.process(PostConstructMethodInvoker.java:25)
	at fr.xephi.authme.libs.jalu.injector.InjectorImpl.runPostConstructHandlers(InjectorImpl.java:255)
	at fr.xephi.authme.libs.jalu.injector.InjectorImpl.instantiate(InjectorImpl.java:182)
	at fr.xephi.authme.libs.jalu.injector.InjectorImpl.get(InjectorImpl.java:155)
	at fr.xephi.authme.libs.jalu.injector.InjectorImpl.resolveDependencies(InjectorImpl.java:208)
	at fr.xephi.authme.libs.jalu.injector.InjectorImpl.instantiate(InjectorImpl.java:177)
	at fr.xephi.authme.libs.jalu.injector.InjectorImpl.get(InjectorImpl.java:155)
	at fr.xephi.authme.libs.jalu.injector.InjectorImpl.resolveDependencies(InjectorImpl.java:208)
	at fr.xephi.authme.libs.jalu.injector.InjectorImpl.instantiate(InjectorImpl.java:177)
	at fr.xephi.authme.libs.jalu.injector.InjectorImpl.get(InjectorImpl.java:155)
	at fr.xephi.authme.libs.jalu.injector.InjectorImpl.resolveDependencies(InjectorImpl.java:208)
	at fr.xephi.authme.libs.jalu.injector.InjectorImpl.instantiate(InjectorImpl.java:177)
	at fr.xephi.authme.libs.jalu.injector.InjectorImpl.get(InjectorImpl.java:155)
	at fr.xephi.authme.libs.jalu.injector.InjectorImpl.resolveDependencies(InjectorImpl.java:208)
	at fr.xephi.authme.libs.jalu.injector.InjectorImpl.instantiate(InjectorImpl.java:177)
	at fr.xephi.authme.libs.jalu.injector.InjectorImpl.get(InjectorImpl.java:155)
	at fr.xephi.authme.libs.jalu.injector.InjectorImpl.resolveDependencies(InjectorImpl.java:208)
	at fr.xephi.authme.libs.jalu.injector.InjectorImpl.instantiate(InjectorImpl.java:177)
	at fr.xephi.authme.libs.jalu.injector.InjectorImpl.newInstance(InjectorImpl.java:82)
	at fr.xephi.authme.initialization.factory.FactoryDependencyHandler$FactoryImpl.newInstance(FactoryDependencyHandler.java:41)
	at fr.xephi.authme.command.CommandHandler.initializeCommands(CommandHandler.java:109)
	at fr.xephi.authme.command.CommandHandler.<init>(CommandHandler.java:49)
	at sun.reflect.NativeConstructorAccessorImpl.newInstance0(Native Method)
	at sun.reflect.NativeConstructorAccessorImpl.newInstance(Unknown Source)
	at sun.reflect.DelegatingConstructorAccessorImpl.newInstance(Unknown Source)
	at java.lang.reflect.Constructor.newInstance(Unknown Source)
	at fr.xephi.authme.libs.jalu.injector.utils.ReflectionUtils.newInstance(ReflectionUtils.java:91)
	at fr.xephi.authme.libs.jalu.injector.handlers.instantiation.StandardInjection.instantiateWith(StandardInjection.java:62)
	at fr.xephi.authme.libs.jalu.injector.InjectorImpl.instantiate(InjectorImpl.java:181)
	at fr.xephi.authme.libs.jalu.injector.InjectorImpl.get(InjectorImpl.java:155)
	at fr.xephi.authme.libs.jalu.injector.InjectorImpl.getSingleton(InjectorImpl.java:56)
	at fr.xephi.authme.AuthMe.instantiateServices(AuthMe.java:248)
	at fr.xephi.authme.AuthMe.initialize(AuthMe.java:221)
	at fr.xephi.authme.AuthMe.onEnable(AuthMe.java:136)
	at org.bukkit.plugin.java.JavaPlugin.setEnabled(JavaPlugin.java:264)
	at org.bukkit.plugin.java.JavaPluginLoader.enablePlugin(JavaPluginLoader.java:329)
	at org.bukkit.plugin.SimplePluginManager.enablePlugin(SimplePluginManager.java:402)
	at org.bukkit.craftbukkit.v1_12_R1.CraftServer.enablePlugin(CraftServer.java:367)
	at org.bukkit.craftbukkit.v1_12_R1.CraftServer.enablePlugins(CraftServer.java:328)
	at net.minecraft.server.v1_12_R1.MinecraftServer.t(MinecraftServer.java:412)
	at net.minecraft.server.v1_12_R1.MinecraftServer.l(MinecraftServer.java:373)
	at net.minecraft.server.v1_12_R1.MinecraftServer.a(MinecraftServer.java:328)
	at net.minecraft.server.v1_12_R1.DedicatedServer.init(DedicatedServer.java:248)
	at net.minecraft.server.v1_12_R1.MinecraftServer.run(MinecraftServer.java:522)
	at java.lang.Thread.run(Unknown Source)

[11-03 08:19:44]: [WARN] WARNING! The protectInventory feature requires ProtocolLib! Disabling it...
[11-03 08:19:44]: [INFO] Development builds are available on our jenkins, thanks to f14stelt.
[11-03 08:19:44]: [INFO] Do you want a good game server? Look at our sponsor GameHosting.it leader in Italy as Game Server Provider!
[11-03 08:19:44]: [INFO] AuthMe 5.4.0 build n.1877 correctly enabled!
[11-03 08:19:59]: [FINE] HackerGuruBondo logged in!
[11-03 08:21:28]: [INFO] AuthMe 5.4.0-b1877 disabled!
[11-03 09:04:53]: [INFO] SQLite Setup finished
[11-03 09:04:57]: [INFO] No supported permissions system found! Permissions are disabled!
[11-03 09:05:01]: [INFO] [LICENSE] This product uses data from the GeoLite API created by MaxMind, available at http://www.maxmind.com
[11-03 09:05:06]: [WARN] Failed to read welcome.txt file: [MalformedInputException]: Input length = 1
[11-03 09:05:06]: java.nio.charset.MalformedInputException: Input length = 1
	at java.nio.charset.CoderResult.throwException(Unknown Source)
	at sun.nio.cs.StreamDecoder.implRead(Unknown Source)
	at sun.nio.cs.StreamDecoder.read(Unknown Source)
	at java.io.InputStreamReader.read(Unknown Source)
	at java.io.BufferedReader.fill(Unknown Source)
	at java.io.BufferedReader.readLine(Unknown Source)
	at java.io.BufferedReader.readLine(Unknown Source)
	at java.nio.file.Files.readAllLines(Unknown Source)
	at fr.xephi.authme.settings.WelcomeMessageConfiguration.readWelcomeFile(WelcomeMessageConfiguration.java:117)
	at fr.xephi.authme.settings.WelcomeMessageConfiguration.reload(WelcomeMessageConfiguration.java:78)
	at sun.reflect.NativeMethodAccessorImpl.invoke0(Native Method)
	at sun.reflect.NativeMethodAccessorImpl.invoke(Unknown Source)
	at sun.reflect.DelegatingMethodAccessorImpl.invoke(Unknown Source)
	at java.lang.reflect.Method.invoke(Unknown Source)
	at fr.xephi.authme.libs.jalu.injector.utils.ReflectionUtils.invokeMethod(ReflectionUtils.java:73)
	at fr.xephi.authme.libs.jalu.injector.handlers.postconstruct.PostConstructMethodInvoker.process(PostConstructMethodInvoker.java:25)
	at fr.xephi.authme.libs.jalu.injector.InjectorImpl.runPostConstructHandlers(InjectorImpl.java:255)
	at fr.xephi.authme.libs.jalu.injector.InjectorImpl.instantiate(InjectorImpl.java:182)
	at fr.xephi.authme.libs.jalu.injector.InjectorImpl.get(InjectorImpl.java:155)
	at fr.xephi.authme.libs.jalu.injector.InjectorImpl.resolveDependencies(InjectorImpl.java:208)
	at fr.xephi.authme.libs.jalu.injector.InjectorImpl.instantiate(InjectorImpl.java:177)
	at fr.xephi.authme.libs.jalu.injector.InjectorImpl.get(InjectorImpl.java:155)
	at fr.xephi.authme.libs.jalu.injector.InjectorImpl.resolveDependencies(InjectorImpl.java:208)
	at fr.xephi.authme.libs.jalu.injector.InjectorImpl.instantiate(InjectorImpl.java:177)
	at fr.xephi.authme.libs.jalu.injector.InjectorImpl.get(InjectorImpl.java:155)
	at fr.xephi.authme.libs.jalu.injector.InjectorImpl.resolveDependencies(InjectorImpl.java:208)
	at fr.xephi.authme.libs.jalu.injector.InjectorImpl.instantiate(InjectorImpl.java:177)
	at fr.xephi.authme.libs.jalu.injector.InjectorImpl.get(InjectorImpl.java:155)
	at fr.xephi.authme.libs.jalu.injector.InjectorImpl.resolveDependencies(InjectorImpl.java:208)
	at fr.xephi.authme.libs.jalu.injector.InjectorImpl.instantiate(InjectorImpl.java:177)
	at fr.xephi.authme.libs.jalu.injector.InjectorImpl.get(InjectorImpl.java:155)
	at fr.xephi.authme.libs.jalu.injector.InjectorImpl.resolveDependencies(InjectorImpl.java:208)
	at fr.xephi.authme.libs.jalu.injector.InjectorImpl.instantiate(InjectorImpl.java:177)
	at fr.xephi.authme.libs.jalu.injector.InjectorImpl.newInstance(InjectorImpl.java:82)
	at fr.xephi.authme.initialization.factory.FactoryDependencyHandler$FactoryImpl.newInstance(FactoryDependencyHandler.java:41)
	at fr.xephi.authme.command.CommandHandler.initializeCommands(CommandHandler.java:109)
	at fr.xephi.authme.command.CommandHandler.<init>(CommandHandler.java:49)
	at sun.reflect.NativeConstructorAccessorImpl.newInstance0(Native Method)
	at sun.reflect.NativeConstructorAccessorImpl.newInstance(Unknown Source)
	at sun.reflect.DelegatingConstructorAccessorImpl.newInstance(Unknown Source)
	at java.lang.reflect.Constructor.newInstance(Unknown Source)
	at fr.xephi.authme.libs.jalu.injector.utils.ReflectionUtils.newInstance(ReflectionUtils.java:91)
	at fr.xephi.authme.libs.jalu.injector.handlers.instantiation.StandardInjection.instantiateWith(StandardInjection.java:62)
	at fr.xephi.authme.libs.jalu.injector.InjectorImpl.instantiate(InjectorImpl.java:181)
	at fr.xephi.authme.libs.jalu.injector.InjectorImpl.get(InjectorImpl.java:155)
	at fr.xephi.authme.libs.jalu.injector.InjectorImpl.getSingleton(InjectorImpl.java:56)
	at fr.xephi.authme.AuthMe.instantiateServices(AuthMe.java:248)
	at fr.xephi.authme.AuthMe.initialize(AuthMe.java:221)
	at fr.xephi.authme.AuthMe.onEnable(AuthMe.java:136)
	at org.bukkit.plugin.java.JavaPlugin.setEnabled(JavaPlugin.java:264)
	at org.bukkit.plugin.java.JavaPluginLoader.enablePlugin(JavaPluginLoader.java:329)
	at org.bukkit.plugin.SimplePluginManager.enablePlugin(SimplePluginManager.java:402)
	at org.bukkit.craftbukkit.v1_12_R1.CraftServer.enablePlugin(CraftServer.java:367)
	at org.bukkit.craftbukkit.v1_12_R1.CraftServer.enablePlugins(CraftServer.java:328)
	at net.minecraft.server.v1_12_R1.MinecraftServer.t(MinecraftServer.java:412)
	at net.minecraft.server.v1_12_R1.MinecraftServer.l(MinecraftServer.java:373)
	at net.minecraft.server.v1_12_R1.MinecraftServer.a(MinecraftServer.java:328)
	at net.minecraft.server.v1_12_R1.DedicatedServer.init(DedicatedServer.java:248)
	at net.minecraft.server.v1_12_R1.MinecraftServer.run(MinecraftServer.java:522)
	at java.lang.Thread.run(Unknown Source)

[11-03 09:05:07]: [WARN] WARNING! The protectInventory feature requires ProtocolLib! Disabling it...
[11-03 09:05:08]: [INFO] Development builds are available on our jenkins, thanks to f14stelt.
[11-03 09:05:08]: [INFO] Do you want a good game server? Look at our sponsor GameHosting.it leader in Italy as Game Server Provider!
[11-03 09:05:08]: [INFO] AuthMe 5.4.0 build n.1877 correctly enabled!
[11-03 09:08:47]: [FINE] HackerGuruBondo logged in!
[11-03 09:12:09]: [FINE] HackerGuruBondo logged in!
[11-03 09:46:53]: [INFO] AuthMe 5.4.0-b1877 disabled!
[11-03 16:55:57]: [INFO] SQLite Setup finished
[11-03 16:55:59]: [INFO] No supported permissions system found! Permissions are disabled!
[11-03 16:56:01]: [INFO] [LICENSE] This product uses data from the GeoLite API created by MaxMind, available at http://www.maxmind.com
[11-03 16:56:04]: [WARN] Failed to read welcome.txt file: [MalformedInputException]: Input length = 1
[11-03 16:56:04]: java.nio.charset.MalformedInputException: Input length = 1
	at java.nio.charset.CoderResult.throwException(Unknown Source)
	at sun.nio.cs.StreamDecoder.implRead(Unknown Source)
	at sun.nio.cs.StreamDecoder.read(Unknown Source)
	at java.io.InputStreamReader.read(Unknown Source)
	at java.io.BufferedReader.fill(Unknown Source)
	at java.io.BufferedReader.readLine(Unknown Source)
	at java.io.BufferedReader.readLine(Unknown Source)
	at java.nio.file.Files.readAllLines(Unknown Source)
	at fr.xephi.authme.settings.WelcomeMessageConfiguration.readWelcomeFile(WelcomeMessageConfiguration.java:117)
	at fr.xephi.authme.settings.WelcomeMessageConfiguration.reload(WelcomeMessageConfiguration.java:78)
	at sun.reflect.NativeMethodAccessorImpl.invoke0(Native Method)
	at sun.reflect.NativeMethodAccessorImpl.invoke(Unknown Source)
	at sun.reflect.DelegatingMethodAccessorImpl.invoke(Unknown Source)
	at java.lang.reflect.Method.invoke(Unknown Source)
	at fr.xephi.authme.libs.jalu.injector.utils.ReflectionUtils.invokeMethod(ReflectionUtils.java:73)
	at fr.xephi.authme.libs.jalu.injector.handlers.postconstruct.PostConstructMethodInvoker.process(PostConstructMethodInvoker.java:25)
	at fr.xephi.authme.libs.jalu.injector.InjectorImpl.runPostConstructHandlers(InjectorImpl.java:255)
	at fr.xephi.authme.libs.jalu.injector.InjectorImpl.instantiate(InjectorImpl.java:182)
	at fr.xephi.authme.libs.jalu.injector.InjectorImpl.get(InjectorImpl.java:155)
	at fr.xephi.authme.libs.jalu.injector.InjectorImpl.resolveDependencies(InjectorImpl.java:208)
	at fr.xephi.authme.libs.jalu.injector.InjectorImpl.instantiate(InjectorImpl.java:177)
	at fr.xephi.authme.libs.jalu.injector.InjectorImpl.get(InjectorImpl.java:155)
	at fr.xephi.authme.libs.jalu.injector.InjectorImpl.resolveDependencies(InjectorImpl.java:208)
	at fr.xephi.authme.libs.jalu.injector.InjectorImpl.instantiate(InjectorImpl.java:177)
	at fr.xephi.authme.libs.jalu.injector.InjectorImpl.get(InjectorImpl.java:155)
	at fr.xephi.authme.libs.jalu.injector.InjectorImpl.resolveDependencies(InjectorImpl.java:208)
	at fr.xephi.authme.libs.jalu.injector.InjectorImpl.instantiate(InjectorImpl.java:177)
	at fr.xephi.authme.libs.jalu.injector.InjectorImpl.get(InjectorImpl.java:155)
	at fr.xephi.authme.libs.jalu.injector.InjectorImpl.resolveDependencies(InjectorImpl.java:208)
	at fr.xephi.authme.libs.jalu.injector.InjectorImpl.instantiate(InjectorImpl.java:177)
	at fr.xephi.authme.libs.jalu.injector.InjectorImpl.get(InjectorImpl.java:155)
	at fr.xephi.authme.libs.jalu.injector.InjectorImpl.resolveDependencies(InjectorImpl.java:208)
	at fr.xephi.authme.libs.jalu.injector.InjectorImpl.instantiate(InjectorImpl.java:177)
	at fr.xephi.authme.libs.jalu.injector.InjectorImpl.newInstance(InjectorImpl.java:82)
	at fr.xephi.authme.initialization.factory.FactoryDependencyHandler$FactoryImpl.newInstance(FactoryDependencyHandler.java:41)
	at fr.xephi.authme.command.CommandHandler.initializeCommands(CommandHandler.java:109)
	at fr.xephi.authme.command.CommandHandler.<init>(CommandHandler.java:49)
	at sun.reflect.NativeConstructorAccessorImpl.newInstance0(Native Method)
	at sun.reflect.NativeConstructorAccessorImpl.newInstance(Unknown Source)
	at sun.reflect.DelegatingConstructorAccessorImpl.newInstance(Unknown Source)
	at java.lang.reflect.Constructor.newInstance(Unknown Source)
	at fr.xephi.authme.libs.jalu.injector.utils.ReflectionUtils.newInstance(ReflectionUtils.java:91)
	at fr.xephi.authme.libs.jalu.injector.handlers.instantiation.StandardInjection.instantiateWith(StandardInjection.java:62)
	at fr.xephi.authme.libs.jalu.injector.InjectorImpl.instantiate(InjectorImpl.java:181)
	at fr.xephi.authme.libs.jalu.injector.InjectorImpl.get(InjectorImpl.java:155)
	at fr.xephi.authme.libs.jalu.injector.InjectorImpl.getSingleton(InjectorImpl.java:56)
	at fr.xephi.authme.AuthMe.instantiateServices(AuthMe.java:248)
	at fr.xephi.authme.AuthMe.initialize(AuthMe.java:221)
	at fr.xephi.authme.AuthMe.onEnable(AuthMe.java:136)
	at org.bukkit.plugin.java.JavaPlugin.setEnabled(JavaPlugin.java:264)
	at org.bukkit.plugin.java.JavaPluginLoader.enablePlugin(JavaPluginLoader.java:329)
	at org.bukkit.plugin.SimplePluginManager.enablePlugin(SimplePluginManager.java:402)
	at org.bukkit.craftbukkit.v1_12_R1.CraftServer.enablePlugin(CraftServer.java:367)
	at org.bukkit.craftbukkit.v1_12_R1.CraftServer.enablePlugins(CraftServer.java:328)
	at net.minecraft.server.v1_12_R1.MinecraftServer.t(MinecraftServer.java:412)
	at net.minecraft.server.v1_12_R1.MinecraftServer.l(MinecraftServer.java:373)
	at net.minecraft.server.v1_12_R1.MinecraftServer.a(MinecraftServer.java:328)
	at net.minecraft.server.v1_12_R1.DedicatedServer.init(DedicatedServer.java:248)
	at net.minecraft.server.v1_12_R1.MinecraftServer.run(MinecraftServer.java:522)
	at java.lang.Thread.run(Unknown Source)

[11-03 16:56:04]: [WARN] WARNING! The protectInventory feature requires ProtocolLib! Disabling it...
[11-03 16:56:06]: [INFO] Development builds are available on our jenkins, thanks to f14stelt.
[11-03 16:56:06]: [INFO] Do you want a good game server? Look at our sponsor GameHosting.it leader in Italy as Game Server Provider!
[11-03 16:56:06]: [INFO] AuthMe 5.4.0 build n.1877 correctly enabled!
[11-03 17:00:49]: [INFO] AuthMe 5.4.0-b1877 disabled!
[11-04 12:46:26]: [INFO] SQLite Setup finished
[11-04 12:46:30]: [INFO] No supported permissions system found! Permissions are disabled!
[11-04 12:46:31]: [INFO] [LICENSE] This product uses data from the GeoLite API created by MaxMind, available at http://www.maxmind.com
[11-04 12:46:35]: [WARN] Failed to read welcome.txt file: [MalformedInputException]: Input length = 1
[11-04 12:46:35]: java.nio.charset.MalformedInputException: Input length = 1
	at java.nio.charset.CoderResult.throwException(Unknown Source)
	at sun.nio.cs.StreamDecoder.implRead(Unknown Source)
	at sun.nio.cs.StreamDecoder.read(Unknown Source)
	at java.io.InputStreamReader.read(Unknown Source)
	at java.io.BufferedReader.fill(Unknown Source)
	at java.io.BufferedReader.readLine(Unknown Source)
	at java.io.BufferedReader.readLine(Unknown Source)
	at java.nio.file.Files.readAllLines(Unknown Source)
	at fr.xephi.authme.settings.WelcomeMessageConfiguration.readWelcomeFile(WelcomeMessageConfiguration.java:117)
	at fr.xephi.authme.settings.WelcomeMessageConfiguration.reload(WelcomeMessageConfiguration.java:78)
	at sun.reflect.NativeMethodAccessorImpl.invoke0(Native Method)
	at sun.reflect.NativeMethodAccessorImpl.invoke(Unknown Source)
	at sun.reflect.DelegatingMethodAccessorImpl.invoke(Unknown Source)
	at java.lang.reflect.Method.invoke(Unknown Source)
	at fr.xephi.authme.libs.jalu.injector.utils.ReflectionUtils.invokeMethod(ReflectionUtils.java:73)
	at fr.xephi.authme.libs.jalu.injector.handlers.postconstruct.PostConstructMethodInvoker.process(PostConstructMethodInvoker.java:25)
	at fr.xephi.authme.libs.jalu.injector.InjectorImpl.runPostConstructHandlers(InjectorImpl.java:255)
	at fr.xephi.authme.libs.jalu.injector.InjectorImpl.instantiate(InjectorImpl.java:182)
	at fr.xephi.authme.libs.jalu.injector.InjectorImpl.get(InjectorImpl.java:155)
	at fr.xephi.authme.libs.jalu.injector.InjectorImpl.resolveDependencies(InjectorImpl.java:208)
	at fr.xephi.authme.libs.jalu.injector.InjectorImpl.instantiate(InjectorImpl.java:177)
	at fr.xephi.authme.libs.jalu.injector.InjectorImpl.get(InjectorImpl.java:155)
	at fr.xephi.authme.libs.jalu.injector.InjectorImpl.resolveDependencies(InjectorImpl.java:208)
	at fr.xephi.authme.libs.jalu.injector.InjectorImpl.instantiate(InjectorImpl.java:177)
	at fr.xephi.authme.libs.jalu.injector.InjectorImpl.get(InjectorImpl.java:155)
	at fr.xephi.authme.libs.jalu.injector.InjectorImpl.resolveDependencies(InjectorImpl.java:208)
	at fr.xephi.authme.libs.jalu.injector.InjectorImpl.instantiate(InjectorImpl.java:177)
	at fr.xephi.authme.libs.jalu.injector.InjectorImpl.get(InjectorImpl.java:155)
	at fr.xephi.authme.libs.jalu.injector.InjectorImpl.resolveDependencies(InjectorImpl.java:208)
	at fr.xephi.authme.libs.jalu.injector.InjectorImpl.instantiate(InjectorImpl.java:177)
	at fr.xephi.authme.libs.jalu.injector.InjectorImpl.get(InjectorImpl.java:155)
	at fr.xephi.authme.libs.jalu.injector.InjectorImpl.resolveDependencies(InjectorImpl.java:208)
	at fr.xephi.authme.libs.jalu.injector.InjectorImpl.instantiate(InjectorImpl.java:177)
	at fr.xephi.authme.libs.jalu.injector.InjectorImpl.newInstance(InjectorImpl.java:82)
	at fr.xephi.authme.initialization.factory.FactoryDependencyHandler$FactoryImpl.newInstance(FactoryDependencyHandler.java:41)
	at fr.xephi.authme.command.CommandHandler.initializeCommands(CommandHandler.java:109)
	at fr.xephi.authme.command.CommandHandler.<init>(CommandHandler.java:49)
	at sun.reflect.NativeConstructorAccessorImpl.newInstance0(Native Method)
	at sun.reflect.NativeConstructorAccessorImpl.newInstance(Unknown Source)
	at sun.reflect.DelegatingConstructorAccessorImpl.newInstance(Unknown Source)
	at java.lang.reflect.Constructor.newInstance(Unknown Source)
	at fr.xephi.authme.libs.jalu.injector.utils.ReflectionUtils.newInstance(ReflectionUtils.java:91)
	at fr.xephi.authme.libs.jalu.injector.handlers.instantiation.StandardInjection.instantiateWith(StandardInjection.java:62)
	at fr.xephi.authme.libs.jalu.injector.InjectorImpl.instantiate(InjectorImpl.java:181)
	at fr.xephi.authme.libs.jalu.injector.InjectorImpl.get(InjectorImpl.java:155)
	at fr.xephi.authme.libs.jalu.injector.InjectorImpl.getSingleton(InjectorImpl.java:56)
	at fr.xephi.authme.AuthMe.instantiateServices(AuthMe.java:248)
	at fr.xephi.authme.AuthMe.initialize(AuthMe.java:221)
	at fr.xephi.authme.AuthMe.onEnable(AuthMe.java:136)
	at org.bukkit.plugin.java.JavaPlugin.setEnabled(JavaPlugin.java:264)
	at org.bukkit.plugin.java.JavaPluginLoader.enablePlugin(JavaPluginLoader.java:329)
	at org.bukkit.plugin.SimplePluginManager.enablePlugin(SimplePluginManager.java:402)
	at org.bukkit.craftbukkit.v1_12_R1.CraftServer.enablePlugin(CraftServer.java:367)
	at org.bukkit.craftbukkit.v1_12_R1.CraftServer.enablePlugins(CraftServer.java:328)
	at net.minecraft.server.v1_12_R1.MinecraftServer.t(MinecraftServer.java:412)
	at net.minecraft.server.v1_12_R1.MinecraftServer.l(MinecraftServer.java:373)
	at net.minecraft.server.v1_12_R1.MinecraftServer.a(MinecraftServer.java:328)
	at net.minecraft.server.v1_12_R1.DedicatedServer.init(DedicatedServer.java:248)
	at net.minecraft.server.v1_12_R1.MinecraftServer.run(MinecraftServer.java:522)
	at java.lang.Thread.run(Unknown Source)

[11-04 12:46:35]: [WARN] WARNING! The protectInventory feature requires ProtocolLib! Disabling it...
[11-04 12:46:36]: [INFO] Development builds are available on our jenkins, thanks to f14stelt.
[11-04 12:46:36]: [INFO] Do you want a good game server? Look at our sponsor GameHosting.it leader in Italy as Game Server Provider!
[11-04 12:46:36]: [INFO] AuthMe 5.4.0 build n.1877 correctly enabled!
[11-11 09:34:49]: [INFO] SQLite Setup finished
[11-11 09:34:49]: [INFO] No supported permissions system found! Permissions are disabled!
[11-11 09:34:50]: [INFO] [LICENSE] This product uses data from the GeoLite API created by MaxMind, available at http://www.maxmind.com
[11-11 09:34:50]: [WARN] Failed to read welcome.txt file: [MalformedInputException]: Input length = 1
[11-11 09:34:50]: java.nio.charset.MalformedInputException: Input length = 1
	at java.nio.charset.CoderResult.throwException(Unknown Source)
	at sun.nio.cs.StreamDecoder.implRead(Unknown Source)
	at sun.nio.cs.StreamDecoder.read(Unknown Source)
	at java.io.InputStreamReader.read(Unknown Source)
	at java.io.BufferedReader.fill(Unknown Source)
	at java.io.BufferedReader.readLine(Unknown Source)
	at java.io.BufferedReader.readLine(Unknown Source)
	at java.nio.file.Files.readAllLines(Unknown Source)
	at fr.xephi.authme.settings.WelcomeMessageConfiguration.readWelcomeFile(WelcomeMessageConfiguration.java:117)
	at fr.xephi.authme.settings.WelcomeMessageConfiguration.reload(WelcomeMessageConfiguration.java:78)
	at sun.reflect.NativeMethodAccessorImpl.invoke0(Native Method)
	at sun.reflect.NativeMethodAccessorImpl.invoke(Unknown Source)
	at sun.reflect.DelegatingMethodAccessorImpl.invoke(Unknown Source)
	at java.lang.reflect.Method.invoke(Unknown Source)
	at fr.xephi.authme.libs.jalu.injector.utils.ReflectionUtils.invokeMethod(ReflectionUtils.java:73)
	at fr.xephi.authme.libs.jalu.injector.handlers.postconstruct.PostConstructMethodInvoker.process(PostConstructMethodInvoker.java:25)
	at fr.xephi.authme.libs.jalu.injector.InjectorImpl.runPostConstructHandlers(InjectorImpl.java:255)
	at fr.xephi.authme.libs.jalu.injector.InjectorImpl.instantiate(InjectorImpl.java:182)
	at fr.xephi.authme.libs.jalu.injector.InjectorImpl.get(InjectorImpl.java:155)
	at fr.xephi.authme.libs.jalu.injector.InjectorImpl.resolveDependencies(InjectorImpl.java:208)
	at fr.xephi.authme.libs.jalu.injector.InjectorImpl.instantiate(InjectorImpl.java:177)
	at fr.xephi.authme.libs.jalu.injector.InjectorImpl.get(InjectorImpl.java:155)
	at fr.xephi.authme.libs.jalu.injector.InjectorImpl.resolveDependencies(InjectorImpl.java:208)
	at fr.xephi.authme.libs.jalu.injector.InjectorImpl.instantiate(InjectorImpl.java:177)
	at fr.xephi.authme.libs.jalu.injector.InjectorImpl.get(InjectorImpl.java:155)
	at fr.xephi.authme.libs.jalu.injector.InjectorImpl.resolveDependencies(InjectorImpl.java:208)
	at fr.xephi.authme.libs.jalu.injector.InjectorImpl.instantiate(InjectorImpl.java:177)
	at fr.xephi.authme.libs.jalu.injector.InjectorImpl.get(InjectorImpl.java:155)
	at fr.xephi.authme.libs.jalu.injector.InjectorImpl.resolveDependencies(InjectorImpl.java:208)
	at fr.xephi.authme.libs.jalu.injector.InjectorImpl.instantiate(InjectorImpl.java:177)
	at fr.xephi.authme.libs.jalu.injector.InjectorImpl.get(InjectorImpl.java:155)
	at fr.xephi.authme.libs.jalu.injector.InjectorImpl.resolveDependencies(InjectorImpl.java:208)
	at fr.xephi.authme.libs.jalu.injector.InjectorImpl.instantiate(InjectorImpl.java:177)
	at fr.xephi.authme.libs.jalu.injector.InjectorImpl.newInstance(InjectorImpl.java:82)
	at fr.xephi.authme.initialization.factory.FactoryDependencyHandler$FactoryImpl.newInstance(FactoryDependencyHandler.java:41)
	at fr.xephi.authme.command.CommandHandler.initializeCommands(CommandHandler.java:109)
	at fr.xephi.authme.command.CommandHandler.<init>(CommandHandler.java:49)
	at sun.reflect.NativeConstructorAccessorImpl.newInstance0(Native Method)
	at sun.reflect.NativeConstructorAccessorImpl.newInstance(Unknown Source)
	at sun.reflect.DelegatingConstructorAccessorImpl.newInstance(Unknown Source)
	at java.lang.reflect.Constructor.newInstance(Unknown Source)
	at fr.xephi.authme.libs.jalu.injector.utils.ReflectionUtils.newInstance(ReflectionUtils.java:91)
	at fr.xephi.authme.libs.jalu.injector.handlers.instantiation.StandardInjection.instantiateWith(StandardInjection.java:62)
	at fr.xephi.authme.libs.jalu.injector.InjectorImpl.instantiate(InjectorImpl.java:181)
	at fr.xephi.authme.libs.jalu.injector.InjectorImpl.get(InjectorImpl.java:155)
	at fr.xephi.authme.libs.jalu.injector.InjectorImpl.getSingleton(InjectorImpl.java:56)
	at fr.xephi.authme.AuthMe.instantiateServices(AuthMe.java:248)
	at fr.xephi.authme.AuthMe.initialize(AuthMe.java:221)
	at fr.xephi.authme.AuthMe.onEnable(AuthMe.java:136)
	at org.bukkit.plugin.java.JavaPlugin.setEnabled(JavaPlugin.java:264)
	at org.bukkit.plugin.java.JavaPluginLoader.enablePlugin(JavaPluginLoader.java:329)
	at org.bukkit.plugin.SimplePluginManager.enablePlugin(SimplePluginManager.java:402)
	at org.bukkit.craftbukkit.v1_12_R1.CraftServer.enablePlugin(CraftServer.java:367)
	at org.bukkit.craftbukkit.v1_12_R1.CraftServer.enablePlugins(CraftServer.java:328)
	at net.minecraft.server.v1_12_R1.MinecraftServer.t(MinecraftServer.java:412)
	at net.minecraft.server.v1_12_R1.MinecraftServer.l(MinecraftServer.java:373)
	at net.minecraft.server.v1_12_R1.MinecraftServer.a(MinecraftServer.java:328)
	at net.minecraft.server.v1_12_R1.DedicatedServer.init(DedicatedServer.java:248)
	at net.minecraft.server.v1_12_R1.MinecraftServer.run(MinecraftServer.java:522)
	at java.lang.Thread.run(Unknown Source)

[11-11 09:34:50]: [WARN] WARNING! The protectInventory feature requires ProtocolLib! Disabling it...
[11-11 09:34:51]: [INFO] Development builds are available on our jenkins, thanks to f14stelt.
[11-11 09:34:51]: [INFO] Do you want a good game server? Look at our sponsor GameHosting.it leader in Italy as Game Server Provider!
[11-11 09:34:51]: [INFO] AuthMe 5.4.0 build n.1877 correctly enabled!
[11-11 09:35:13]: [FINE] HackerGuruBondo logged in!
[11-11 09:44:37]: [INFO] AuthMe 5.4.0-b1877 disabled!
[11-17 11:41:50]: [INFO] SQLite Setup finished
[11-17 11:41:50]: [INFO] No supported permissions system found! Permissions are disabled!
[11-17 11:41:51]: [INFO] [LICENSE] This product uses data from the GeoLite API created by MaxMind, available at http://www.maxmind.com
[11-17 11:41:52]: [WARN] Failed to read welcome.txt file: [MalformedInputException]: Input length = 1
[11-17 11:41:52]: java.nio.charset.MalformedInputException: Input length = 1
	at java.nio.charset.CoderResult.throwException(Unknown Source)
	at sun.nio.cs.StreamDecoder.implRead(Unknown Source)
	at sun.nio.cs.StreamDecoder.read(Unknown Source)
	at java.io.InputStreamReader.read(Unknown Source)
	at java.io.BufferedReader.fill(Unknown Source)
	at java.io.BufferedReader.readLine(Unknown Source)
	at java.io.BufferedReader.readLine(Unknown Source)
	at java.nio.file.Files.readAllLines(Unknown Source)
	at fr.xephi.authme.settings.WelcomeMessageConfiguration.readWelcomeFile(WelcomeMessageConfiguration.java:117)
	at fr.xephi.authme.settings.WelcomeMessageConfiguration.reload(WelcomeMessageConfiguration.java:78)
	at sun.reflect.NativeMethodAccessorImpl.invoke0(Native Method)
	at sun.reflect.NativeMethodAccessorImpl.invoke(Unknown Source)
	at sun.reflect.DelegatingMethodAccessorImpl.invoke(Unknown Source)
	at java.lang.reflect.Method.invoke(Unknown Source)
	at fr.xephi.authme.libs.jalu.injector.utils.ReflectionUtils.invokeMethod(ReflectionUtils.java:73)
	at fr.xephi.authme.libs.jalu.injector.handlers.postconstruct.PostConstructMethodInvoker.process(PostConstructMethodInvoker.java:25)
	at fr.xephi.authme.libs.jalu.injector.InjectorImpl.runPostConstructHandlers(InjectorImpl.java:255)
	at fr.xephi.authme.libs.jalu.injector.InjectorImpl.instantiate(InjectorImpl.java:182)
	at fr.xephi.authme.libs.jalu.injector.InjectorImpl.get(InjectorImpl.java:155)
	at fr.xephi.authme.libs.jalu.injector.InjectorImpl.resolveDependencies(InjectorImpl.java:208)
	at fr.xephi.authme.libs.jalu.injector.InjectorImpl.instantiate(InjectorImpl.java:177)
	at fr.xephi.authme.libs.jalu.injector.InjectorImpl.get(InjectorImpl.java:155)
	at fr.xephi.authme.libs.jalu.injector.InjectorImpl.resolveDependencies(InjectorImpl.java:208)
	at fr.xephi.authme.libs.jalu.injector.InjectorImpl.instantiate(InjectorImpl.java:177)
	at fr.xephi.authme.libs.jalu.injector.InjectorImpl.get(InjectorImpl.java:155)
	at fr.xephi.authme.libs.jalu.injector.InjectorImpl.resolveDependencies(InjectorImpl.java:208)
	at fr.xephi.authme.libs.jalu.injector.InjectorImpl.instantiate(InjectorImpl.java:177)
	at fr.xephi.authme.libs.jalu.injector.InjectorImpl.get(InjectorImpl.java:155)
	at fr.xephi.authme.libs.jalu.injector.InjectorImpl.resolveDependencies(InjectorImpl.java:208)
	at fr.xephi.authme.libs.jalu.injector.InjectorImpl.instantiate(InjectorImpl.java:177)
	at fr.xephi.authme.libs.jalu.injector.InjectorImpl.get(InjectorImpl.java:155)
	at fr.xephi.authme.libs.jalu.injector.InjectorImpl.resolveDependencies(InjectorImpl.java:208)
	at fr.xephi.authme.libs.jalu.injector.InjectorImpl.instantiate(InjectorImpl.java:177)
	at fr.xephi.authme.libs.jalu.injector.InjectorImpl.newInstance(InjectorImpl.java:82)
	at fr.xephi.authme.initialization.factory.FactoryDependencyHandler$FactoryImpl.newInstance(FactoryDependencyHandler.java:41)
	at fr.xephi.authme.command.CommandHandler.initializeCommands(CommandHandler.java:109)
	at fr.xephi.authme.command.CommandHandler.<init>(CommandHandler.java:49)
	at sun.reflect.NativeConstructorAccessorImpl.newInstance0(Native Method)
	at sun.reflect.NativeConstructorAccessorImpl.newInstance(Unknown Source)
	at sun.reflect.DelegatingConstructorAccessorImpl.newInstance(Unknown Source)
	at java.lang.reflect.Constructor.newInstance(Unknown Source)
	at fr.xephi.authme.libs.jalu.injector.utils.ReflectionUtils.newInstance(ReflectionUtils.java:91)
	at fr.xephi.authme.libs.jalu.injector.handlers.instantiation.StandardInjection.instantiateWith(StandardInjection.java:62)
	at fr.xephi.authme.libs.jalu.injector.InjectorImpl.instantiate(InjectorImpl.java:181)
	at fr.xephi.authme.libs.jalu.injector.InjectorImpl.get(InjectorImpl.java:155)
	at fr.xephi.authme.libs.jalu.injector.InjectorImpl.getSingleton(InjectorImpl.java:56)
	at fr.xephi.authme.AuthMe.instantiateServices(AuthMe.java:248)
	at fr.xephi.authme.AuthMe.initialize(AuthMe.java:221)
	at fr.xephi.authme.AuthMe.onEnable(AuthMe.java:136)
	at org.bukkit.plugin.java.JavaPlugin.setEnabled(JavaPlugin.java:264)
	at org.bukkit.plugin.java.JavaPluginLoader.enablePlugin(JavaPluginLoader.java:329)
	at org.bukkit.plugin.SimplePluginManager.enablePlugin(SimplePluginManager.java:402)
	at org.bukkit.craftbukkit.v1_12_R1.CraftServer.enablePlugin(CraftServer.java:367)
	at org.bukkit.craftbukkit.v1_12_R1.CraftServer.enablePlugins(CraftServer.java:328)
	at net.minecraft.server.v1_12_R1.MinecraftServer.t(MinecraftServer.java:412)
	at net.minecraft.server.v1_12_R1.MinecraftServer.l(MinecraftServer.java:373)
	at net.minecraft.server.v1_12_R1.MinecraftServer.a(MinecraftServer.java:328)
	at net.minecraft.server.v1_12_R1.DedicatedServer.init(DedicatedServer.java:248)
	at net.minecraft.server.v1_12_R1.MinecraftServer.run(MinecraftServer.java:522)
	at java.lang.Thread.run(Unknown Source)

[11-17 11:41:52]: [WARN] WARNING! The protectInventory feature requires ProtocolLib! Disabling it...
[11-17 11:41:52]: [INFO] Development builds are available on our jenkins, thanks to f14stelt.
[11-17 11:41:52]: [INFO] Do you want a good game server? Look at our sponsor GameHosting.it leader in Italy as Game Server Provider!
[11-17 11:41:52]: [INFO] AuthMe 5.4.0 build n.1877 correctly enabled!
[11-17 11:41:55]: [INFO] AuthMe 5.4.0-b1877 disabled!
[11-25 15:18:13]: [INFO] SQLite Setup finished
[11-25 15:18:13]: [INFO] No supported permissions system found! Permissions are disabled!
[11-25 15:18:13]: [INFO] [LICENSE] This product uses data from the GeoLite API created by MaxMind, available at http://www.maxmind.com
[11-25 15:18:14]: [WARN] Failed to read welcome.txt file: [MalformedInputException]: Input length = 1
[11-25 15:18:14]: java.nio.charset.MalformedInputException: Input length = 1
	at java.nio.charset.CoderResult.throwException(Unknown Source)
	at sun.nio.cs.StreamDecoder.implRead(Unknown Source)
	at sun.nio.cs.StreamDecoder.read(Unknown Source)
	at java.io.InputStreamReader.read(Unknown Source)
	at java.io.BufferedReader.fill(Unknown Source)
	at java.io.BufferedReader.readLine(Unknown Source)
	at java.io.BufferedReader.readLine(Unknown Source)
	at java.nio.file.Files.readAllLines(Unknown Source)
	at fr.xephi.authme.settings.WelcomeMessageConfiguration.readWelcomeFile(WelcomeMessageConfiguration.java:117)
	at fr.xephi.authme.settings.WelcomeMessageConfiguration.reload(WelcomeMessageConfiguration.java:78)
	at sun.reflect.NativeMethodAccessorImpl.invoke0(Native Method)
	at sun.reflect.NativeMethodAccessorImpl.invoke(Unknown Source)
	at sun.reflect.DelegatingMethodAccessorImpl.invoke(Unknown Source)
	at java.lang.reflect.Method.invoke(Unknown Source)
	at fr.xephi.authme.libs.jalu.injector.utils.ReflectionUtils.invokeMethod(ReflectionUtils.java:73)
	at fr.xephi.authme.libs.jalu.injector.handlers.postconstruct.PostConstructMethodInvoker.process(PostConstructMethodInvoker.java:25)
	at fr.xephi.authme.libs.jalu.injector.InjectorImpl.runPostConstructHandlers(InjectorImpl.java:255)
	at fr.xephi.authme.libs.jalu.injector.InjectorImpl.instantiate(InjectorImpl.java:182)
	at fr.xephi.authme.libs.jalu.injector.InjectorImpl.get(InjectorImpl.java:155)
	at fr.xephi.authme.libs.jalu.injector.InjectorImpl.resolveDependencies(InjectorImpl.java:208)
	at fr.xephi.authme.libs.jalu.injector.InjectorImpl.instantiate(InjectorImpl.java:177)
	at fr.xephi.authme.libs.jalu.injector.InjectorImpl.get(InjectorImpl.java:155)
	at fr.xephi.authme.libs.jalu.injector.InjectorImpl.resolveDependencies(InjectorImpl.java:208)
	at fr.xephi.authme.libs.jalu.injector.InjectorImpl.instantiate(InjectorImpl.java:177)
	at fr.xephi.authme.libs.jalu.injector.InjectorImpl.get(InjectorImpl.java:155)
	at fr.xephi.authme.libs.jalu.injector.InjectorImpl.resolveDependencies(InjectorImpl.java:208)
	at fr.xephi.authme.libs.jalu.injector.InjectorImpl.instantiate(InjectorImpl.java:177)
	at fr.xephi.authme.libs.jalu.injector.InjectorImpl.get(InjectorImpl.java:155)
	at fr.xephi.authme.libs.jalu.injector.InjectorImpl.resolveDependencies(InjectorImpl.java:208)
	at fr.xephi.authme.libs.jalu.injector.InjectorImpl.instantiate(InjectorImpl.java:177)
	at fr.xephi.authme.libs.jalu.injector.InjectorImpl.get(InjectorImpl.java:155)
	at fr.xephi.authme.libs.jalu.injector.InjectorImpl.resolveDependencies(InjectorImpl.java:208)
	at fr.xephi.authme.libs.jalu.injector.InjectorImpl.instantiate(InjectorImpl.java:177)
	at fr.xephi.authme.libs.jalu.injector.InjectorImpl.newInstance(InjectorImpl.java:82)
	at fr.xephi.authme.initialization.factory.FactoryDependencyHandler$FactoryImpl.newInstance(FactoryDependencyHandler.java:41)
	at fr.xephi.authme.command.CommandHandler.initializeCommands(CommandHandler.java:109)
	at fr.xephi.authme.command.CommandHandler.<init>(CommandHandler.java:49)
	at sun.reflect.NativeConstructorAccessorImpl.newInstance0(Native Method)
	at sun.reflect.NativeConstructorAccessorImpl.newInstance(Unknown Source)
	at sun.reflect.DelegatingConstructorAccessorImpl.newInstance(Unknown Source)
	at java.lang.reflect.Constructor.newInstance(Unknown Source)
	at fr.xephi.authme.libs.jalu.injector.utils.ReflectionUtils.newInstance(ReflectionUtils.java:91)
	at fr.xephi.authme.libs.jalu.injector.handlers.instantiation.StandardInjection.instantiateWith(StandardInjection.java:62)
	at fr.xephi.authme.libs.jalu.injector.InjectorImpl.instantiate(InjectorImpl.java:181)
	at fr.xephi.authme.libs.jalu.injector.InjectorImpl.get(InjectorImpl.java:155)
	at fr.xephi.authme.libs.jalu.injector.InjectorImpl.getSingleton(InjectorImpl.java:56)
	at fr.xephi.authme.AuthMe.instantiateServices(AuthMe.java:248)
	at fr.xephi.authme.AuthMe.initialize(AuthMe.java:221)
	at fr.xephi.authme.AuthMe.onEnable(AuthMe.java:136)
	at org.bukkit.plugin.java.JavaPlugin.setEnabled(JavaPlugin.java:264)
	at org.bukkit.plugin.java.JavaPluginLoader.enablePlugin(JavaPluginLoader.java:329)
	at org.bukkit.plugin.SimplePluginManager.enablePlugin(SimplePluginManager.java:402)
	at org.bukkit.craftbukkit.v1_12_R1.CraftServer.enablePlugin(CraftServer.java:367)
	at org.bukkit.craftbukkit.v1_12_R1.CraftServer.enablePlugins(CraftServer.java:328)
	at net.minecraft.server.v1_12_R1.MinecraftServer.t(MinecraftServer.java:412)
	at net.minecraft.server.v1_12_R1.MinecraftServer.l(MinecraftServer.java:373)
	at net.minecraft.server.v1_12_R1.MinecraftServer.a(MinecraftServer.java:328)
	at net.minecraft.server.v1_12_R1.DedicatedServer.init(DedicatedServer.java:248)
	at net.minecraft.server.v1_12_R1.MinecraftServer.run(MinecraftServer.java:522)
	at java.lang.Thread.run(Unknown Source)

[11-25 15:18:14]: [WARN] WARNING! The protectInventory feature requires ProtocolLib! Disabling it...
[11-25 15:18:14]: [INFO] Development builds are available on our jenkins, thanks to f14stelt.
[11-25 15:18:14]: [INFO] Do you want a good game server? Look at our sponsor GameHosting.it leader in Italy as Game Server Provider!
[11-25 15:18:14]: [INFO] AuthMe 5.4.0 build n.1877 correctly enabled!
[11-25 15:18:48]: [FINE] HackerGuruBondo logged in!
[11-25 15:30:38]: [INFO] AuthMe 5.4.0-b1877 disabled!
