[15:18:01] [Server thread/INFO]: Loading properties
[15:18:01] [Server thread/INFO]: Default game type: SURVIVAL
[15:18:01] [Server thread/INFO]: Generating keypair
[15:18:02] [Server thread/INFO]: Starting Minecraft server on 25.46.241.218:25565
[15:18:02] [Server thread/INFO]: Using default channel type
[15:18:02] [Server thread/INFO]: This server is running CraftBukkit version git-Bukkit-8166d17 (MC: 1.12.2) (Implementing API version 1.12.2-R0.1-SNAPSHOT)
[15:18:03] [Server thread/INFO]: [AuthMe] Loading AuthMe v5.4.0-b1877
[15:18:03] [Server thread/WARN]: **** SERVER IS RUNNING IN OFFLINE/INSECURE MODE!
[15:18:03] [Server thread/WARN]: The server will make no attempt to authenticate usernames. Beware.
[15:18:03] [Server thread/WARN]: While this makes the game possible to play without internet access, it also opens up the ability for hackers to connect with any username they choose.
[15:18:03] [Server thread/WARN]: To change this, set "online-mode" to "true" in the server.properties file.
[15:18:04] [Server thread/INFO]: Preparing level "world"
[15:18:06] [Server thread/INFO]: Preparing start region for level 0 (Seed: 1010101)
[15:18:07] [Server thread/INFO]: Preparing spawn area: 2%
[15:18:08] [Server thread/INFO]: Preparing spawn area: 63%
[15:18:08] [Server thread/INFO]: Preparing start region for level 1 (Seed: 7769858214797077747)
[15:18:09] [Server thread/INFO]: Preparing spawn area: 8%
[15:18:10] [Server thread/INFO]: Preparing spawn area: 64%
[15:18:10] [Server thread/INFO]: Preparing start region for level 2 (Seed: 7769858214797077747)
[15:18:11] [Server thread/INFO]: [AuthMe] Enabling AuthMe v5.4.0-b1877
[15:18:13] [Server thread/INFO]: [AuthMe] SQLite Setup finished
[15:18:13] [Server thread/INFO]: [AuthMe] No supported permissions system found! Permissions are disabled!
[15:18:13] [Server thread/INFO]: [AuthMe] [LICENSE] This product uses data from the GeoLite API created by MaxMind, available at http://www.maxmind.com
[15:18:14] [Server thread/WARN]: [AuthMe] Failed to read welcome.txt file: [MalformedInputException]: Input length = 1
[15:18:14] [Server thread/WARN]: [AuthMe] WARNING! The protectInventory feature requires ProtocolLib! Disabling it...
[15:18:14] [Server thread/INFO]: [AuthMe] Development builds are available on our jenkins, thanks to f14stelt.
[15:18:14] [Server thread/INFO]: [AuthMe] Do you want a good game server? Look at our sponsor GameHosting.it leader in Italy as Game Server Provider!
[15:18:14] [Server thread/INFO]: [AuthMe] AuthMe 5.4.0 build n.1877 correctly enabled!
[15:18:14] [Server thread/INFO]: Server permissions file permissions.yml is empty, ignoring it
[15:18:14] [Server thread/INFO]: Done (10,294s)! For help, type "help" or "?"
[15:18:32] [Server thread/INFO]: HackerGuruBondo[/25.46.241.218:50385] logged in with entity id 695 at ([world]-4.023928328101939, 138.0, 15.271096255005652)
[15:18:48] [pool-3-thread-1/INFO]: [AuthMe] HackerGuruBondo logged in!
[15:19:59] [Server thread/INFO]: [@: Entity '@p[r=55]' cannot be found]
[15:20:27] [Server thread/INFO]: HackerGuruBondo issued server command: /gamemode spectator
[15:20:27] [Server thread/INFO]: [HackerGuruBondo: Set own game mode to Spectator Mode]
[15:20:37] [Server thread/INFO]: HackerGuruBondo issued server command: /gamemode creative
[15:20:37] [Server thread/INFO]: [HackerGuruBondo: Set own game mode to Creative Mode]
[15:20:53] [Server thread/INFO]: HackerGuruBondo issued server command: /gamemode spectator
[15:20:53] [Server thread/INFO]: [HackerGuruBondo: Set own game mode to Spectator Mode]
[15:20:56] [Server thread/INFO]: HackerGuruBondo issued server command: /gamemode creative
[15:20:56] [Server thread/INFO]: [HackerGuruBondo: Set own game mode to Creative Mode]
[15:22:03] [Server thread/INFO]: HackerGuruBondo issued server command: /gamemode spectator
[15:22:03] [Server thread/INFO]: [HackerGuruBondo: Set own game mode to Spectator Mode]
[15:22:06] [Server thread/INFO]: HackerGuruBondo issued server command: /gamemode creative
[15:22:06] [Server thread/INFO]: [HackerGuruBondo: Set own game mode to Creative Mode]
[15:22:46] [Server thread/INFO]: HackerGuruBondo issued server command: /gamemode spectator
[15:22:46] [Server thread/INFO]: [HackerGuruBondo: Set own game mode to Spectator Mode]
[15:22:48] [Server thread/INFO]: HackerGuruBondo issued server command: /gamemode creative
[15:22:48] [Server thread/INFO]: [HackerGuruBondo: Set own game mode to Creative Mode]
[15:23:42] [Server thread/INFO]: HackerGuruBondo issued server command: /gamemode spectator
[15:23:42] [Server thread/INFO]: [HackerGuruBondo: Set own game mode to Spectator Mode]
[15:23:44] [Server thread/INFO]: HackerGuruBondo issued server command: /gamemode creative
[15:23:44] [Server thread/INFO]: [HackerGuruBondo: Set own game mode to Creative Mode]
[15:24:03] [Server thread/INFO]: HackerGuruBondo issued server command: /gamemode spectator
[15:24:03] [Server thread/INFO]: [HackerGuruBondo: Set own game mode to Spectator Mode]
[15:24:06] [Server thread/INFO]: HackerGuruBondo issued server command: /gamemode creative
[15:24:06] [Server thread/INFO]: [HackerGuruBondo: Set own game mode to Creative Mode]
[15:24:11] [Server thread/INFO]: HackerGuruBondo issued server command: /gamemode spectator
[15:24:11] [Server thread/INFO]: [HackerGuruBondo: Set own game mode to Spectator Mode]
[15:24:17] [Server thread/INFO]: HackerGuruBondo issued server command: /gamemode creative
[15:24:17] [Server thread/INFO]: [HackerGuruBondo: Set own game mode to Creative Mode]
[15:24:36] [Server thread/INFO]: HackerGuruBondo issued server command: /gamemode spectator
[15:24:36] [Server thread/INFO]: [HackerGuruBondo: Set own game mode to Spectator Mode]
[15:24:43] [Server thread/INFO]: HackerGuruBondo issued server command: /gamemode creative
[15:24:43] [Server thread/INFO]: [HackerGuruBondo: Set own game mode to Creative Mode]
[15:24:56] [Server thread/INFO]: HackerGuruBondo issued server command: /kill @e[type=cow]
[15:25:11] [Server thread/INFO]: HackerGuruBondo issued server command: /gamemode spectator
[15:25:11] [Server thread/INFO]: [HackerGuruBondo: Set own game mode to Spectator Mode]
[15:25:16] [Server thread/INFO]: HackerGuruBondo issued server command: /gamemode creative
[15:25:16] [Server thread/INFO]: [HackerGuruBondo: Set own game mode to Creative Mode]
[15:25:59] [Server thread/INFO]: HackerGuruBondo lost connection: Disconnected
[15:25:59] [Server thread/INFO]: HackerGuruBondo left the game
[15:30:38] [Server thread/INFO]: Stopping the server
[15:30:38] [Server thread/INFO]: Stopping server
[15:30:38] [Server thread/INFO]: [AuthMe] Disabling AuthMe v5.4.0-b1877
[15:30:38] [Server thread/INFO]: [AuthMe] Waiting for 0 tasks to finish
[15:30:38] [Server thread/INFO]: [AuthMe] AuthMe 5.4.0-b1877 disabled!
[15:30:38] [Server thread/INFO]: Saving players
[15:30:38] [Server thread/INFO]: Saving worlds
[15:30:38] [Server thread/INFO]: Saving chunks for level 'world'/overworld
[15:30:38] [Server thread/INFO]: Saving chunks for level 'world_nether'/the_nether
[15:30:38] [Server thread/INFO]: Saving chunks for level 'world_the_end'/the_end
